<?xml version="1.0" encoding="UTF-8"?>
<!-- Generated by org.testng.reporters.JUnitXMLReporter -->
<testsuite ignored="3" hostname="DESKTOP-EHVAKCM" failures="0" tests="0" time="0.012" errors="0" timestamp="2023-08-07T00:16:56 IST">
  <testcase classname="testngtest.Testuser" name="gettest" time="0.0">
    <ignored/>
  </testcase> <!-- gettest -->
  <testcase classname="testngtest.Testuser" name="puttmethod" time="0.0">
    <ignored/>
  </testcase> <!-- puttmethod -->
  <testcase classname="testngtest.Testuser" name="posttestmetho" time="0.0">
    <ignored/>
  </testcase> <!-- posttestmetho -->
</testsuite>
